\BOOKMARK [0][-]{chapter.1}{Introduction}{}% 1
\BOOKMARK [1][-]{section.1.1}{Introduction}{chapter.1}% 2
\BOOKMARK [0][-]{chapter.2}{Curvature-Aware Derivative-Free Optimization}{}% 3
\BOOKMARK [1][-]{section.2.1}{Introduction}{chapter.2}% 4
\BOOKMARK [2][-]{subsection.2.1.1}{Assumptions and Notation}{section.2.1}% 5
\BOOKMARK [2][-]{subsection.2.1.2}{Prior Art}{section.2.1}% 6
\BOOKMARK [2][-]{subsection.2.1.3}{Main Contributions}{section.2.1}% 7
\BOOKMARK [1][-]{section.2.2}{Curvature-Aware Random Search}{chapter.2}% 8
\BOOKMARK [2][-]{subsection.2.2.1}{Convergence Guarantees}{section.2.2}% 9
\BOOKMARK [2][-]{subsection.2.2.2}{Further Results on the Sampling Distribution}{section.2.2}% 10
\BOOKMARK [1][-]{section.2.3}{CARS with Cubic Regularization for General Convex Functions}{chapter.2}% 11
\BOOKMARK [1][-]{section.2.4}{Incorporating Numerical Quadrature}{chapter.2}% 12
\BOOKMARK [1][-]{section.2.5}{More on Curvature: Randomized Matrix Inversion and SHIPS}{chapter.2}% 13
\BOOKMARK [2][-]{subsection.2.5.1}{Discussion on SHIPS}{section.2.5}% 14
\BOOKMARK [2][-]{subsection.2.5.2}{Enhancing the Quality of Estimation via Adaptive Sampling}{section.2.5}% 15
\BOOKMARK [1][-]{section.2.6}{Proofs}{chapter.2}% 16
\BOOKMARK [2][-]{subsection.2.6.1}{Proofs for Results in Section 2.2.1}{section.2.6}% 17
\BOOKMARK [2][-]{subsection.2.6.2}{Proofs for Results in Section 2.3}{section.2.6}% 18
\BOOKMARK [2][-]{subsection.2.6.3}{Proofs for Results in Section 2.5}{section.2.6}% 19
\BOOKMARK [1][-]{section.2.7}{Experimental Results}{chapter.2}% 20
\BOOKMARK [2][-]{subsection.2.7.1}{Convex Functions}{section.2.7}% 21
\BOOKMARK [2][-]{subsection.2.7.2}{Benchmark Problem Sets with Non-Convex Functions}{section.2.7}% 22
\BOOKMARK [2][-]{subsection.2.7.3}{Problems with Highly Oscillatory Noise}{section.2.7}% 23
\BOOKMARK [2][-]{subsection.2.7.4}{Black-box Adversarial Attacks}{section.2.7}% 24
\BOOKMARK [2][-]{subsection.2.7.5}{Benchmarking the Performance of SHIPS}{section.2.7}% 25
\BOOKMARK [1][-]{section.2.8}{Conclusion Remarks}{chapter.2}% 26
\BOOKMARK [0][-]{chapter.3}{Bridging the Gap Between Local and Global DFO Method Through Inspection Strategy}{}% 27
\BOOKMARK [1][-]{section.3.1}{Introduction}{chapter.3}% 28
\BOOKMARK [2][-]{subsection.3.1.1}{The gap between global optimization and local optimization}{section.3.1}% 29
\BOOKMARK [2][-]{subsection.3.1.2}{DFO and R-local optimization}{section.3.1}% 30
\BOOKMARK [2][-]{subsection.3.1.3}{Assumptions and Notation}{section.3.1}% 31
\BOOKMARK [1][-]{section.3.2}{Main Results}{chapter.3}% 32
\BOOKMARK [2][-]{subsection.3.2.1}{Analysis on the High Probability Guarantee}{section.3.2}% 33
\BOOKMARK [2][-]{subsection.3.2.2}{Discussion on IR}{section.3.2}% 34
\BOOKMARK [1][-]{section.3.3}{Experimental Results}{chapter.3}% 35
\BOOKMARK [0][-]{appendix.A}{}{}% 36
\BOOKMARK [1][-]{section.A.1}{Experimental Settings for Chapter 2}{appendix.A}% 37
\BOOKMARK [1][-]{section.A.2}{Visualization of Attacked Images}{appendix.A}% 38
\BOOKMARK [0][-]{appendix*.26}{References}{}% 39
